<?xml version="1.0" encoding="UTF-8"?>
<!-- Generated by org.testng.reporters.JUnitReportReporter -->
<testsuite hostname="LAPTOP-ED3B4Q90" failures="0" tests="2" name="services.AnotherIncidentTests" time="7.587" errors="0" timestamp="10 Sep 2022 08:13:17 GMT" skipped="0">
  <testcase classname="services.AnotherIncidentTests" name="CreateIncidents" time="3.515"/>
  <testcase classname="services.AnotherIncidentTests" name="getIncidents" time="4.072"/>
</testsuite> <!-- services.AnotherIncidentTests -->
