<?xml version="1.0" encoding="UTF-8"?>
<!-- Generated by org.testng.reporters.JUnitReportReporter -->
<testsuite hostname="LAPTOP-ED3B4Q90" failures="0" tests="1" name="runner.RunTest" time="9.310" errors="0" timestamp="11 Feb 2023 23:13:26 GMT" skipped="0">
  <testcase classname="runner.RunTest" name="runScenario" time="9.310"/>
</testsuite> <!-- runner.RunTest -->
