<?xml version="1.0" encoding="UTF-8"?>
<!-- Generated by org.testng.reporters.JUnitReportReporter -->
<testsuite hostname="LAPTOP-ED3B4Q90" failures="0" tests="2" name="services.IncidentTests" time="25.578" errors="0" timestamp="10 Sep 2022 08:13:17 GMT" skipped="0">
  <testcase classname="services.IncidentTests" name="getIncidents1" time="4.652"/>
  <testcase classname="services.IncidentTests" name="CreateIncidents1" time="20.926"/>
</testsuite> <!-- services.IncidentTests -->
