<?xml version="1.0" encoding="UTF-8"?>
<!-- Generated by org.testng.reporters.JUnitReportReporter -->
<testsuite hostname="LAPTOP-ED3B4Q90" failures="0" tests="2" name="services.IncidentTests" time="9.980" errors="0" timestamp="18 Feb 2023 05:18:38 GMT" skipped="0">
  <testcase classname="services.IncidentTests" name="CreateIncidents1" time="5.175"/>
  <testcase classname="services.IncidentTests" name="getIncidents1" time="4.805"/>
</testsuite> <!-- services.IncidentTests -->
