<?xml version="1.0" encoding="UTF-8"?>
<!-- Generated by org.testng.reporters.JUnitReportReporter -->
<testsuite hostname="LAPTOP-ED3B4Q90" failures="0" tests="1" name="runner.RunTest" time="4.517" errors="0" timestamp="18 Feb 2023 05:18:38 GMT" skipped="0">
  <testcase classname="runner.RunTest" name="runScenario" time="4.517"/>
</testsuite> <!-- runner.RunTest -->
