<?xml version="1.0" encoding="UTF-8"?>
<!-- Generated by org.testng.reporters.JUnitReportReporter -->
<testsuite hostname="LAPTOP-ED3B4Q90" failures="0" tests="2" name="services.AnotherIncidentTests" time="8.410" errors="0" timestamp="18 Feb 2023 05:18:38 GMT" skipped="0">
  <testcase classname="services.AnotherIncidentTests" name="CreateIncidents" time="3.810"/>
  <testcase classname="services.AnotherIncidentTests" name="getIncidents" time="4.600"/>
</testsuite> <!-- services.AnotherIncidentTests -->
